Build started 3/8/2016 4:26:45 PM.
     1>Project "C:\Users\Andrew\OneDrive\Documents\UCI\ICS 167\56951511\56951511 hella slow\server\server\server\server.vcxproj" on node 2 (Build target(s)).
     1>ClCompile:
         C:\Program Files (x86)\Microsoft Visual Studio 12.0\VC\bin\CL.exe /c /ZI /nologo /W3 /WX- /sdl /Od /Oy- /D _CRT_SECURE_NO_WARNINGS /D _WINSOCK_DEPRECATED_NO_WARNINGS /D _MBCS /Gm /EHsc /RTC1 /MDd /GS /fp:precise /Zc:wchar_t /Zc:forScope /Fo"Debug\\" /Fd"Debug\vc120.pdb" /Gd /TP /analyze- /errorReport:prompt main.cpp
         main.cpp
     1>c:\users\andrew\onedrive\documents\uci\ics 167\56951511\56951511 hella slow\server\server\server\main.cpp(33): warning C4018: '<' : signed/unsigned mismatch
     1>c:\users\andrew\onedrive\documents\uci\ics 167\56951511\56951511 hella slow\server\server\server\main.cpp(38): warning C4018: '<' : signed/unsigned mismatch
     1>c:\users\andrew\onedrive\documents\uci\ics 167\56951511\56951511 hella slow\server\server\server\main.cpp(53): warning C4018: '<' : signed/unsigned mismatch
     1>c:\users\andrew\onedrive\documents\uci\ics 167\56951511\56951511 hella slow\server\server\server\main.cpp(57): warning C4018: '<' : signed/unsigned mismatch
     1>c:\users\andrew\onedrive\documents\uci\ics 167\56951511\56951511 hella slow\server\server\server\main.cpp(88): warning C4018: '<' : signed/unsigned mismatch
     1>c:\users\andrew\onedrive\documents\uci\ics 167\56951511\56951511 hella slow\server\server\server\main.cpp(115): warning C4018: '<' : signed/unsigned mismatch
     1>c:\users\andrew\onedrive\documents\uci\ics 167\56951511\56951511 hella slow\server\server\server\main.cpp(130): warning C4018: '<' : signed/unsigned mismatch
     1>c:\users\andrew\onedrive\documents\uci\ics 167\56951511\56951511 hella slow\server\server\server\main.cpp(132): warning C4018: '<' : signed/unsigned mismatch
       Link:
         C:\Program Files (x86)\Microsoft Visual Studio 12.0\VC\bin\link.exe /ERRORREPORT:PROMPT /OUT:"C:\Users\Andrew\OneDrive\Documents\UCI\ICS 167\56951511\56951511 hella slow\server\server\Debug\server.exe" /INCREMENTAL /NOLOGO kernel32.lib user32.lib gdi32.lib winspool.lib comdlg32.lib advapi32.lib shell32.lib ole32.lib oleaut32.lib uuid.lib odbc32.lib odbccp32.lib /MANIFEST /MANIFESTUAC:"level='asInvoker' uiAccess='false'" /manifest:embed /DEBUG /PDB:"C:\Users\Andrew\OneDrive\Documents\UCI\ICS 167\56951511\56951511 hella slow\server\server\Debug\server.pdb" /TLBID:1 /DYNAMICBASE /NXCOMPAT /IMPLIB:"C:\Users\Andrew\OneDrive\Documents\UCI\ICS 167\56951511\56951511 hella slow\server\server\Debug\server.lib" /MACHINE:X86 Debug\base64.obj
         Debug\main.obj
         Debug\sha1.obj
         Debug\websocket.obj
         server.vcxproj -> C:\Users\Andrew\OneDrive\Documents\UCI\ICS 167\56951511\56951511 hella slow\server\server\Debug\server.exe
     1>Done Building Project "C:\Users\Andrew\OneDrive\Documents\UCI\ICS 167\56951511\56951511 hella slow\server\server\server\server.vcxproj" (Build target(s)).

Build succeeded.

Time Elapsed 00:00:04.85
